<?xml version="1.0" encoding="UTF-8"?>
<testsuite xmlns:xsi="http://www.w3.org/2001/XMLSchema-instance" xsi:noNamespaceSchemaLocation="https://maven.apache.org/surefire/maven-surefire-plugin/xsd/surefire-test-report.xsd" name="CodingBatExercises.A_Warmup_TEST.B_Warmup_2_Test" time="0.022" tests="14" errors="0" skipped="0" failures="0">
  <properties>
[...]
</properties>
  <testcase name="TEST_stringX" classname="CodingBatExercises.A_Warmup_TEST.B_Warmup_2_Test" time="0"/>
  <testcase name="TEST_arrayCount9" classname="CodingBatExercises.A_Warmup_TEST.B_Warmup_2_Test" time="0"/>
  <testcase name="TEST_arrayFront9" classname="CodingBatExercises.A_Warmup_TEST.B_Warmup_2_Test" time="0"/>
  <testcase name="TEST_stringBits" classname="CodingBatExercises.A_Warmup_TEST.B_Warmup_2_Test" time="0"/>
  <testcase name="TEST_stringSplosion" classname="CodingBatExercises.A_Warmup_TEST.B_Warmup_2_Test" time="0"/>
  <testcase name="TEST_stringMatch" classname="CodingBatExercises.A_Warmup_TEST.B_Warmup_2_Test" time="0"/>
  <testcase name="TEST_stringTimes" classname="CodingBatExercises.A_Warmup_TEST.B_Warmup_2_Test" time="0"/>
  <testcase name="TEST_countXX" classname="CodingBatExercises.A_Warmup_TEST.B_Warmup_2_Test" time="0"/>
  <testcase name="TEST_noTriples" classname="CodingBatExercises.A_Warmup_TEST.B_Warmup_2_Test" time="0"/>
  <testcase name="TEST_stringYak" classname="CodingBatExercises.A_Warmup_TEST.B_Warmup_2_Test" time="0"/>
  <testcase name="TEST_frontTimes" classname="CodingBatExercises.A_Warmup_TEST.B_Warmup_2_Test" time="0"/>
  <testcase name="TEST_array123" classname="CodingBatExercises.A_Warmup_TEST.B_Warmup_2_Test" time="0"/>
  <testcase name="TEST_array667" classname="CodingBatExercises.A_Warmup_TEST.B_Warmup_2_Test" time="0"/>
  <testcase name="TEST_doubleX" classname="CodingBatExercises.A_Warmup_TEST.B_Warmup_2_Test" time="0"/>
</testsuite>